<?xml version="1.0" encoding="UTF-8"?>
<!-- Generated by org.testng.reporters.JUnitReportReporter -->
<testsuite skipped="0" hostname="TYSS-4F-046" name="common_lib.ExtentReportsClass" tests="1" failures="0" timestamp="18 Jul 2017 08:22:32 GMT" time="55.323" errors="0">
  <testcase name="preCond" time="55.323" classname="common_lib.ExtentReportsClass"/>
</testsuite> <!-- common_lib.ExtentReportsClass -->
