<?xml version="1.0" encoding="UTF-8"?>
<!-- Generated by org.testng.reporters.JUnitReportReporter -->
<testsuite skipped="0" hostname="TYSS-4F-046" name="com.shopclues.scripts.BuyAProduct_TS_01" tests="1" failures="0" timestamp="19 Jul 2017 12:52:34 GMT" time="411.188" errors="0">
  <testcase name="testBuyAProduct_TS_01" time="411.188" classname="com.shopclues.scripts.BuyAProduct_TS_01"/>
</testsuite> <!-- com.shopclues.scripts.BuyAProduct_TS_01 -->
