<?xml version="1.0" encoding="UTF-8"?>
<!-- Generated by org.testng.reporters.JUnitReportReporter -->
<testsuite skipped="0" hostname="TYSS-4F-046" name="common_lib.DataProviderExample" tests="2" failures="0" timestamp="18 Jul 2017 13:23:49 GMT" time="0.019" errors="0">
  <testcase name="login" time="0.013" classname="common_lib.DataProviderExample"/>
  <testcase name="login" time="0.006" classname="common_lib.DataProviderExample"/>
</testsuite> <!-- common_lib.DataProviderExample -->
